# JRE version: Java(TM) SE Runtime Environment (17.0.1+12) (build 17.0.1+12-LTS-39)
# Java VM: Java HotSpot(TM) 64-Bit Server VM (17.0.1+12-LTS-39, mixed mode, sharing, tiered, compressed oops, compressed class ptrs, g1 gc, bsd-aarch64)
GC Precious Log:
 CPUs: 8 total, 8 available
 Memory: 8192M
 Large Page Support: Disabled
 NUMA Support: Disabled
 Compressed Oops: Enabled (Zero based)
 Heap Region Size: 1M
 Heap Min Capacity: 8M
 Heap Initial Capacity: 128M
 Heap Max Capacity: 2G
 Pre-touch: Disabled
 Parallel Workers: 8
 Concurrent Workers: 2
 Concurrent Refinement Workers: 8
 Periodic GC: Disabled
Heap:
 garbage-first heap   total 106496K, used 37793K [0x0000000780000000, 0x0000000800000000)
  region size 1024K, 15 young (15360K), 7 survivors (7168K)
 Metaspace       used 22744K, committed 22976K, reserved 1073152K
  class space    used 3235K, committed 3328K, reserved 1048576K
GC Heap History (6 events):
Event: 0.512 GC heap before
{Heap before GC invocations=0 (full 0):
 garbage-first heap   total 133120K, used 23520K [0x0000000780000000, 0x0000000800000000)
  region size 1024K, 23 young (23552K), 0 survivors (0K)
 Metaspace       used 7464K, committed 7680K, reserved 1056768K
  class space    used 958K, committed 1024K, reserved 1048576K
}
Event: 0.515 GC heap after
{Heap after GC invocations=1 (full 0):
 garbage-first heap   total 133120K, used 4378K [0x0000000780000000, 0x0000000800000000)
  region size 1024K, 3 young (3072K), 3 survivors (3072K)
 Metaspace       used 7464K, committed 7680K, reserved 1056768K
  class space    used 958K, committed 1024K, reserved 1048576K
}
Event: 2.823 GC heap before
{Heap before GC invocations=1 (full 0):
 garbage-first heap   total 133120K, used 59674K [0x0000000780000000, 0x0000000800000000)
  region size 1024K, 44 young (45056K), 3 survivors (3072K)
 Metaspace       used 18253K, committed 18496K, reserved 1064960K
  class space    used 2468K, committed 2624K, reserved 1048576K
}
Event: 2.827 GC heap after
{Heap after GC invocations=2 (full 0):
 garbage-first heap   total 133120K, used 25173K [0x0000000780000000, 0x0000000800000000)
  region size 1024K, 6 young (6144K), 6 survivors (6144K)
 Metaspace       used 18253K, committed 18496K, reserved 1064960K
  class space    used 2468K, committed 2624K, reserved 1048576K
}
Event: 3.041 GC heap before
{Heap before GC invocations=2 (full 0):
 garbage-first heap   total 133120K, used 42581K [0x0000000780000000, 0x0000000800000000)
  region size 1024K, 24 young (24576K), 6 survivors (6144K)
 Metaspace       used 21254K, committed 21504K, reserved 1073152K
  class space    used 3060K, committed 3200K, reserved 1048576K
}
Event: 3.047 GC heap after
{Heap after GC invocations=3 (full 0):
 garbage-first heap   total 133120K, used 28577K [0x0000000780000000, 0x0000000800000000)
  region size 1024K, 7 young (7168K), 7 survivors (7168K)
 Metaspace       used 21254K, committed 21504K, reserved 1073152K
  class space    used 3060K, committed 3200K, reserved 1048576K
}

