# JRE version: Java(TM) SE Runtime Environment (17.0.1+12) (build 17.0.1+12-LTS-39)
# Java VM: Java HotSpot(TM) 64-Bit Server VM (17.0.1+12-LTS-39, mixed mode, sharing, tiered, compressed oops, compressed class ptrs, g1 gc, bsd-aarch64)
GC Precious Log:
 CPUs: 8 total, 8 available
 Memory: 8192M
 Large Page Support: Disabled
 NUMA Support: Disabled
 Compressed Oops: Enabled (Zero based)
 Heap Region Size: 1M
 Heap Min Capacity: 8M
 Heap Initial Capacity: 128M
 Heap Max Capacity: 2G
 Pre-touch: Disabled
 Parallel Workers: 8
 Concurrent Workers: 2
 Concurrent Refinement Workers: 8
 Periodic GC: Disabled
Heap:
 garbage-first heap   total 106496K, used 45657K [0x0000000780000000, 0x0000000800000000)
  region size 1024K, 24 young (24576K), 8 survivors (8192K)
 Metaspace       used 23656K, committed 23936K, reserved 1073152K
  class space    used 3263K, committed 3392K, reserved 1048576K
GC Heap History (6 events):
Event: 0.510 GC heap before
{Heap before GC invocations=0 (full 0):
 garbage-first heap   total 133120K, used 24544K [0x0000000780000000, 0x0000000800000000)
  region size 1024K, 23 young (23552K), 0 survivors (0K)
 Metaspace       used 6269K, committed 6464K, reserved 1056768K
  class space    used 747K, committed 832K, reserved 1048576K
}
Event: 0.512 GC heap after
{Heap after GC invocations=1 (full 0):
 garbage-first heap   total 133120K, used 3910K [0x0000000780000000, 0x0000000800000000)
  region size 1024K, 3 young (3072K), 3 survivors (3072K)
 Metaspace       used 6269K, committed 6464K, reserved 1056768K
  class space    used 747K, committed 832K, reserved 1048576K
}
Event: 4.713 GC heap before
{Heap before GC invocations=1 (full 0):
 garbage-first heap   total 133120K, used 52038K [0x0000000780000000, 0x0000000800000000)
  region size 1024K, 45 young (46080K), 3 survivors (3072K)
 Metaspace       used 16206K, committed 16448K, reserved 1064960K
  class space    used 1999K, committed 2112K, reserved 1048576K
}
Event: 4.718 GC heap after
{Heap after GC invocations=2 (full 0):
 garbage-first heap   total 133120K, used 13376K [0x0000000780000000, 0x0000000800000000)
  region size 1024K, 6 young (6144K), 6 survivors (6144K)
 Metaspace       used 16206K, committed 16448K, reserved 1064960K
  class space    used 1999K, committed 2112K, reserved 1048576K
}
Event: 10.403 GC heap before
{Heap before GC invocations=2 (full 0):
 garbage-first heap   total 133120K, used 63552K [0x0000000780000000, 0x0000000800000000)
  region size 1024K, 46 young (47104K), 6 survivors (6144K)
 Metaspace       used 21247K, committed 21504K, reserved 1073152K
  class space    used 2963K, committed 3136K, reserved 1048576K
}
Event: 10.407 GC heap after
{Heap after GC invocations=3 (full 0):
 garbage-first heap   total 133120K, used 28249K [0x0000000780000000, 0x0000000800000000)
  region size 1024K, 8 young (8192K), 8 survivors (8192K)
 Metaspace       used 21247K, committed 21504K, reserved 1073152K
  class space    used 2963K, committed 3136K, reserved 1048576K
}

