# JRE version: Java(TM) SE Runtime Environment (17.0.1+12) (build 17.0.1+12-LTS-39)
# Java VM: Java HotSpot(TM) 64-Bit Server VM (17.0.1+12-LTS-39, mixed mode, sharing, tiered, compressed oops, compressed class ptrs, g1 gc, bsd-aarch64)
GC Precious Log:
 CPUs: 8 total, 8 available
 Memory: 8192M
 Large Page Support: Disabled
 NUMA Support: Disabled
 Compressed Oops: Enabled (Zero based)
 Heap Region Size: 1M
 Heap Min Capacity: 8M
 Heap Initial Capacity: 128M
 Heap Max Capacity: 2G
 Pre-touch: Disabled
 Parallel Workers: 8
 Concurrent Workers: 2
 Concurrent Refinement Workers: 8
 Periodic GC: Disabled
Heap:
 garbage-first heap   total 109568K, used 45590K [0x0000000780000000, 0x0000000800000000)
  region size 1024K, 21 young (21504K), 7 survivors (7168K)
 Metaspace       used 23703K, committed 23936K, reserved 1073152K
  class space    used 3265K, committed 3392K, reserved 1048576K
GC Heap History (6 events):
Event: 0.429 GC heap before
{Heap before GC invocations=0 (full 0):
 garbage-first heap   total 133120K, used 23520K [0x0000000780000000, 0x0000000800000000)
  region size 1024K, 23 young (23552K), 0 survivors (0K)
 Metaspace       used 7329K, committed 7488K, reserved 1056768K
  class space    used 942K, committed 1024K, reserved 1048576K
}
Event: 0.431 GC heap after
{Heap after GC invocations=1 (full 0):
 garbage-first heap   total 133120K, used 3978K [0x0000000780000000, 0x0000000800000000)
  region size 1024K, 3 young (3072K), 3 survivors (3072K)
 Metaspace       used 7329K, committed 7488K, reserved 1056768K
  class space    used 942K, committed 1024K, reserved 1048576K
}
Event: 8.816 GC heap before
{Heap before GC invocations=1 (full 0):
 garbage-first heap   total 133120K, used 56202K [0x0000000780000000, 0x0000000800000000)
  region size 1024K, 44 young (45056K), 3 survivors (3072K)
 Metaspace       used 16501K, committed 16640K, reserved 1064960K
  class space    used 2095K, committed 2176K, reserved 1048576K
}
Event: 8.827 GC heap after
{Heap after GC invocations=2 (full 0):
 garbage-first heap   total 133120K, used 20431K [0x0000000780000000, 0x0000000800000000)
  region size 1024K, 6 young (6144K), 6 survivors (6144K)
 Metaspace       used 16501K, committed 16640K, reserved 1064960K
  class space    used 2095K, committed 2176K, reserved 1048576K
}
Event: 10.721 GC heap before
{Heap before GC invocations=2 (full 0):
 garbage-first heap   total 133120K, used 56271K [0x0000000780000000, 0x0000000800000000)
  region size 1024K, 36 young (36864K), 6 survivors (6144K)
 Metaspace       used 21371K, committed 21504K, reserved 1073152K
  class space    used 3064K, committed 3136K, reserved 1048576K
}
Event: 10.724 GC heap after
{Heap after GC invocations=3 (full 0):
 garbage-first heap   total 133120K, used 30230K [0x0000000780000000, 0x0000000800000000)
  region size 1024K, 7 young (7168K), 7 survivors (7168K)
 Metaspace       used 21371K, committed 21504K, reserved 1073152K
  class space    used 3064K, committed 3136K, reserved 1048576K
}

