# JRE version: Java(TM) SE Runtime Environment (17.0.1+12) (build 17.0.1+12-LTS-39)
# Java VM: Java HotSpot(TM) 64-Bit Server VM (17.0.1+12-LTS-39, mixed mode, sharing, tiered, compressed oops, compressed class ptrs, g1 gc, bsd-aarch64)
GC Precious Log:
 CPUs: 8 total, 8 available
 Memory: 8192M
 Large Page Support: Disabled
 NUMA Support: Disabled
 Compressed Oops: Enabled (Zero based)
 Heap Region Size: 1M
 Heap Min Capacity: 8M
 Heap Initial Capacity: 128M
 Heap Max Capacity: 2G
 Pre-touch: Disabled
 Parallel Workers: 8
 Concurrent Workers: 2
 Concurrent Refinement Workers: 8
 Periodic GC: Disabled
Heap:
 garbage-first heap   total 99328K, used 41052K [0x0000000780000000, 0x0000000800000000)
  region size 1024K, 20 young (20480K), 7 survivors (7168K)
 Metaspace       used 23319K, committed 23488K, reserved 1073152K
  class space    used 3251K, committed 3328K, reserved 1048576K
GC Heap History (6 events):
Event: 0.943 GC heap before
{Heap before GC invocations=0 (full 0):
 garbage-first heap   total 133120K, used 23520K [0x0000000780000000, 0x0000000800000000)
  region size 1024K, 23 young (23552K), 0 survivors (0K)
 Metaspace       used 6268K, committed 6464K, reserved 1056768K
  class space    used 746K, committed 832K, reserved 1048576K
}
Event: 0.945 GC heap after
{Heap after GC invocations=1 (full 0):
 garbage-first heap   total 133120K, used 3786K [0x0000000780000000, 0x0000000800000000)
  region size 1024K, 3 young (3072K), 3 survivors (3072K)
 Metaspace       used 6268K, committed 6464K, reserved 1056768K
  class space    used 746K, committed 832K, reserved 1048576K
}
Event: 4.033 GC heap before
{Heap before GC invocations=1 (full 0):
 garbage-first heap   total 133120K, used 62154K [0x0000000780000000, 0x0000000800000000)
  region size 1024K, 46 young (47104K), 3 survivors (3072K)
 Metaspace       used 16629K, committed 16896K, reserved 1064960K
  class space    used 2096K, committed 2240K, reserved 1048576K
}
Event: 4.039 GC heap after
{Heap after GC invocations=2 (full 0):
 garbage-first heap   total 133120K, used 23752K [0x0000000780000000, 0x0000000800000000)
  region size 1024K, 6 young (6144K), 6 survivors (6144K)
 Metaspace       used 16629K, committed 16896K, reserved 1064960K
  class space    used 2096K, committed 2240K, reserved 1048576K
}
Event: 4.734 GC heap before
{Heap before GC invocations=2 (full 0):
 garbage-first heap   total 133120K, used 49352K [0x0000000780000000, 0x0000000800000000)
  region size 1024K, 32 young (32768K), 6 survivors (6144K)
 Metaspace       used 21313K, committed 21504K, reserved 1073152K
  class space    used 3035K, committed 3136K, reserved 1048576K
}
Event: 4.737 GC heap after
{Heap after GC invocations=3 (full 0):
 garbage-first heap   total 133120K, used 26716K [0x0000000780000000, 0x0000000800000000)
  region size 1024K, 7 young (7168K), 7 survivors (7168K)
 Metaspace       used 21313K, committed 21504K, reserved 1073152K
  class space    used 3035K, committed 3136K, reserved 1048576K
}

