# JRE version: Java(TM) SE Runtime Environment (17.0.1+12) (build 17.0.1+12-LTS-39)
# Java VM: Java HotSpot(TM) 64-Bit Server VM (17.0.1+12-LTS-39, mixed mode, sharing, tiered, compressed oops, compressed class ptrs, g1 gc, bsd-aarch64)
GC Precious Log:
 CPUs: 8 total, 8 available
 Memory: 8192M
 Large Page Support: Disabled
 NUMA Support: Disabled
 Compressed Oops: Enabled (Zero based)
 Heap Region Size: 1M
 Heap Min Capacity: 8M
 Heap Initial Capacity: 128M
 Heap Max Capacity: 2G
 Pre-touch: Disabled
 Parallel Workers: 8
 Concurrent Workers: 2
 Concurrent Refinement Workers: 8
 Periodic GC: Disabled
Heap:
 garbage-first heap   total 96256K, used 50259K [0x0000000780000000, 0x0000000800000000)
  region size 1024K, 8 young (8192K), 7 survivors (7168K)
 Metaspace       used 25518K, committed 25792K, reserved 1073152K
  class space    used 3443K, committed 3584K, reserved 1048576K
GC Heap History (8 events):
Event: 0.388 GC heap before
{Heap before GC invocations=0 (full 0):
 garbage-first heap   total 133120K, used 23520K [0x0000000780000000, 0x0000000800000000)
  region size 1024K, 23 young (23552K), 0 survivors (0K)
 Metaspace       used 6267K, committed 6464K, reserved 1056768K
  class space    used 746K, committed 832K, reserved 1048576K
}
Event: 0.390 GC heap after
{Heap after GC invocations=1 (full 0):
 garbage-first heap   total 133120K, used 4107K [0x0000000780000000, 0x0000000800000000)
  region size 1024K, 3 young (3072K), 3 survivors (3072K)
 Metaspace       used 6267K, committed 6464K, reserved 1056768K
  class space    used 746K, committed 832K, reserved 1048576K
}
Event: 2.447 GC heap before
{Heap before GC invocations=1 (full 0):
 garbage-first heap   total 133120K, used 60427K [0x0000000780000000, 0x0000000800000000)
  region size 1024K, 45 young (46080K), 3 survivors (3072K)
 Metaspace       used 16495K, committed 16768K, reserved 1064960K
  class space    used 2082K, committed 2240K, reserved 1048576K
}
Event: 2.454 GC heap after
{Heap after GC invocations=2 (full 0):
 garbage-first heap   total 133120K, used 22840K [0x0000000780000000, 0x0000000800000000)
  region size 1024K, 6 young (6144K), 6 survivors (6144K)
 Metaspace       used 16495K, committed 16768K, reserved 1064960K
  class space    used 2082K, committed 2240K, reserved 1048576K
}
Event: 2.935 GC heap before
{Heap before GC invocations=2 (full 0):
 garbage-first heap   total 133120K, used 48440K [0x0000000780000000, 0x0000000800000000)
  region size 1024K, 32 young (32768K), 6 survivors (6144K)
 Metaspace       used 21332K, committed 21504K, reserved 1073152K
  class space    used 3040K, committed 3136K, reserved 1048576K
}
Event: 2.939 GC heap after
{Heap after GC invocations=3 (full 0):
 garbage-first heap   total 133120K, used 26299K [0x0000000780000000, 0x0000000800000000)
  region size 1024K, 7 young (7168K), 7 survivors (7168K)
 Metaspace       used 21332K, committed 21504K, reserved 1073152K
  class space    used 3040K, committed 3136K, reserved 1048576K
}
Event: 13.944 GC heap before
{Heap before GC invocations=4 (full 0):
 garbage-first heap   total 96256K, used 79547K [0x0000000780000000, 0x0000000800000000)
  region size 1024K, 41 young (41984K), 7 survivors (7168K)
 Metaspace       used 25503K, committed 25792K, reserved 1073152K
  class space    used 3443K, committed 3584K, reserved 1048576K
}
Event: 13.998 GC heap after
{Heap after GC invocations=5 (full 0):
 garbage-first heap   total 96256K, used 50259K [0x0000000780000000, 0x0000000800000000)
  region size 1024K, 7 young (7168K), 7 survivors (7168K)
 Metaspace       used 25503K, committed 25792K, reserved 1073152K
  class space    used 3443K, committed 3584K, reserved 1048576K
}

