# JRE version: Java(TM) SE Runtime Environment (17.0.1+12) (build 17.0.1+12-LTS-39)
# Java VM: Java HotSpot(TM) 64-Bit Server VM (17.0.1+12-LTS-39, mixed mode, sharing, tiered, compressed oops, compressed class ptrs, g1 gc, bsd-aarch64)
GC Precious Log:
 CPUs: 8 total, 8 available
 Memory: 8192M
 Large Page Support: Disabled
 NUMA Support: Disabled
 Compressed Oops: Enabled (Zero based)
 Heap Region Size: 1M
 Heap Min Capacity: 8M
 Heap Initial Capacity: 128M
 Heap Max Capacity: 2G
 Pre-touch: Disabled
 Parallel Workers: 8
 Concurrent Workers: 2
 Concurrent Refinement Workers: 8
 Periodic GC: Disabled
Heap:
 garbage-first heap   total 102400K, used 36816K [0x0000000780000000, 0x0000000800000000)
  region size 1024K, 15 young (15360K), 7 survivors (7168K)
 Metaspace       used 22817K, committed 23040K, reserved 1073152K
  class space    used 3223K, committed 3328K, reserved 1048576K
GC Heap History (6 events):
Event: 0.628 GC heap before
{Heap before GC invocations=0 (full 0):
 garbage-first heap   total 133120K, used 23520K [0x0000000780000000, 0x0000000800000000)
  region size 1024K, 23 young (23552K), 0 survivors (0K)
 Metaspace       used 7784K, committed 8000K, reserved 1056768K
  class space    used 1001K, committed 1088K, reserved 1048576K
}
Event: 0.630 GC heap after
{Heap after GC invocations=1 (full 0):
 garbage-first heap   total 133120K, used 4064K [0x0000000780000000, 0x0000000800000000)
  region size 1024K, 3 young (3072K), 3 survivors (3072K)
 Metaspace       used 7784K, committed 8000K, reserved 1056768K
  class space    used 1001K, committed 1088K, reserved 1048576K
}
Event: 4.652 GC heap before
{Heap before GC invocations=1 (full 0):
 garbage-first heap   total 133120K, used 61408K [0x0000000780000000, 0x0000000800000000)
  region size 1024K, 45 young (46080K), 3 survivors (3072K)
 Metaspace       used 18873K, committed 19136K, reserved 1073152K
  class space    used 2604K, committed 2752K, reserved 1048576K
}
Event: 4.659 GC heap after
{Heap after GC invocations=2 (full 0):
 garbage-first heap   total 133120K, used 24414K [0x0000000780000000, 0x0000000800000000)
  region size 1024K, 6 young (6144K), 6 survivors (6144K)
 Metaspace       used 18873K, committed 19136K, reserved 1073152K
  class space    used 2604K, committed 2752K, reserved 1048576K
}
Event: 4.813 GC heap before
{Heap before GC invocations=2 (full 0):
 garbage-first heap   total 133120K, used 37726K [0x0000000780000000, 0x0000000800000000)
  region size 1024K, 20 young (20480K), 6 survivors (6144K)
 Metaspace       used 21249K, committed 21504K, reserved 1073152K
  class space    used 3055K, committed 3200K, reserved 1048576K
}
Event: 4.817 GC heap after
{Heap after GC invocations=3 (full 0):
 garbage-first heap   total 133120K, used 27600K [0x0000000780000000, 0x0000000800000000)
  region size 1024K, 7 young (7168K), 7 survivors (7168K)
 Metaspace       used 21249K, committed 21504K, reserved 1073152K
  class space    used 3055K, committed 3200K, reserved 1048576K
}

