# JRE version: Java(TM) SE Runtime Environment (17.0.1+12) (build 17.0.1+12-LTS-39)
# Java VM: Java HotSpot(TM) 64-Bit Server VM (17.0.1+12-LTS-39, mixed mode, sharing, tiered, compressed oops, compressed class ptrs, g1 gc, bsd-aarch64)
GC Precious Log:
 CPUs: 8 total, 8 available
 Memory: 8192M
 Large Page Support: Disabled
 NUMA Support: Disabled
 Compressed Oops: Enabled (Zero based)
 Heap Region Size: 1M
 Heap Min Capacity: 8M
 Heap Initial Capacity: 128M
 Heap Max Capacity: 2G
 Pre-touch: Disabled
 Parallel Workers: 8
 Concurrent Workers: 2
 Concurrent Refinement Workers: 8
 Periodic GC: Disabled
Heap:
 garbage-first heap   total 106496K, used 48052K [0x0000000780000000, 0x0000000800000000)
  region size 1024K, 26 young (26624K), 8 survivors (8192K)
 Metaspace       used 24508K, committed 24832K, reserved 1073152K
  class space    used 3350K, committed 3520K, reserved 1048576K
GC Heap History (6 events):
Event: 0.381 GC heap before
{Heap before GC invocations=0 (full 0):
 garbage-first heap   total 133120K, used 24544K [0x0000000780000000, 0x0000000800000000)
  region size 1024K, 23 young (23552K), 0 survivors (0K)
 Metaspace       used 6261K, committed 6464K, reserved 1056768K
  class space    used 748K, committed 832K, reserved 1048576K
}
Event: 0.383 GC heap after
{Heap after GC invocations=1 (full 0):
 garbage-first heap   total 133120K, used 3786K [0x0000000780000000, 0x0000000800000000)
  region size 1024K, 3 young (3072K), 3 survivors (3072K)
 Metaspace       used 6261K, committed 6464K, reserved 1056768K
  class space    used 748K, committed 832K, reserved 1048576K
}
Event: 4.666 GC heap before
{Heap before GC invocations=1 (full 0):
 garbage-first heap   total 133120K, used 50890K [0x0000000780000000, 0x0000000800000000)
  region size 1024K, 45 young (46080K), 3 survivors (3072K)
 Metaspace       used 16279K, committed 16448K, reserved 1064960K
  class space    used 2009K, committed 2112K, reserved 1048576K
}
Event: 4.678 GC heap after
{Heap after GC invocations=2 (full 0):
 garbage-first heap   total 133120K, used 13410K [0x0000000780000000, 0x0000000800000000)
  region size 1024K, 6 young (6144K), 6 survivors (6144K)
 Metaspace       used 16279K, committed 16448K, reserved 1064960K
  class space    used 2009K, committed 2112K, reserved 1048576K
}
Event: 9.002 GC heap before
{Heap before GC invocations=2 (full 0):
 garbage-first heap   total 133120K, used 65634K [0x0000000780000000, 0x0000000800000000)
  region size 1024K, 47 young (48128K), 6 survivors (6144K)
 Metaspace       used 21259K, committed 21504K, reserved 1073152K
  class space    used 2980K, committed 3136K, reserved 1048576K
}
Event: 9.006 GC heap after
{Heap after GC invocations=3 (full 0):
 garbage-first heap   total 133120K, used 28596K [0x0000000780000000, 0x0000000800000000)
  region size 1024K, 8 young (8192K), 8 survivors (8192K)
 Metaspace       used 21259K, committed 21504K, reserved 1073152K
  class space    used 2980K, committed 3136K, reserved 1048576K
}

