# JRE version: Java(TM) SE Runtime Environment (17.0.1+12) (build 17.0.1+12-LTS-39)
# Java VM: Java HotSpot(TM) 64-Bit Server VM (17.0.1+12-LTS-39, mixed mode, sharing, tiered, compressed oops, compressed class ptrs, g1 gc, bsd-aarch64)
GC Precious Log:
 CPUs: 8 total, 8 available
 Memory: 8192M
 Large Page Support: Disabled
 NUMA Support: Disabled
 Compressed Oops: Enabled (Zero based)
 Heap Region Size: 1M
 Heap Min Capacity: 8M
 Heap Initial Capacity: 128M
 Heap Max Capacity: 2G
 Pre-touch: Disabled
 Parallel Workers: 8
 Concurrent Workers: 2
 Concurrent Refinement Workers: 8
 Periodic GC: Disabled
Heap:
 garbage-first heap   total 55296K, used 20586K [0x0000000780000000, 0x0000000800000000)
  region size 1024K, 12 young (12288K), 6 survivors (6144K)
 Metaspace       used 22323K, committed 22528K, reserved 1073152K
  class space    used 3188K, committed 3264K, reserved 1048576K
GC Heap History (6 events):
Event: 0.357 GC heap before
{Heap before GC invocations=0 (full 0):
 garbage-first heap   total 133120K, used 23520K [0x0000000780000000, 0x0000000800000000)
  region size 1024K, 23 young (23552K), 0 survivors (0K)
 Metaspace       used 7737K, committed 7936K, reserved 1056768K
  class space    used 1000K, committed 1088K, reserved 1048576K
}
Event: 0.359 GC heap after
{Heap after GC invocations=1 (full 0):
 garbage-first heap   total 133120K, used 4085K [0x0000000780000000, 0x0000000800000000)
  region size 1024K, 3 young (3072K), 3 survivors (3072K)
 Metaspace       used 7737K, committed 7936K, reserved 1056768K
  class space    used 1000K, committed 1088K, reserved 1048576K
}
Event: 7.399 GC heap before
{Heap before GC invocations=1 (full 0):
 garbage-first heap   total 133120K, used 46069K [0x0000000780000000, 0x0000000800000000)
  region size 1024K, 44 young (45056K), 3 survivors (3072K)
 Metaspace       used 20165K, committed 20352K, reserved 1073152K
  class space    used 2925K, committed 3008K, reserved 1048576K
}
Event: 7.403 GC heap after
{Heap after GC invocations=2 (full 0):
 garbage-first heap   total 133120K, used 11264K [0x0000000780000000, 0x0000000800000000)
  region size 1024K, 6 young (6144K), 6 survivors (6144K)
 Metaspace       used 20165K, committed 20352K, reserved 1073152K
  class space    used 2925K, committed 3008K, reserved 1048576K
}
Event: 7.504 GC heap before
{Heap before GC invocations=2 (full 0):
 garbage-first heap   total 133120K, used 17408K [0x0000000780000000, 0x0000000800000000)
  region size 1024K, 13 young (13312K), 6 survivors (6144K)
 Metaspace       used 21262K, committed 21504K, reserved 1073152K
  class space    used 3065K, committed 3200K, reserved 1048576K
}
Event: 7.508 GC heap after
{Heap after GC invocations=3 (full 0):
 garbage-first heap   total 133120K, used 13418K [0x0000000780000000, 0x0000000800000000)
  region size 1024K, 6 young (6144K), 6 survivors (6144K)
 Metaspace       used 21262K, committed 21504K, reserved 1073152K
  class space    used 3065K, committed 3200K, reserved 1048576K
}

