# JRE version: Java(TM) SE Runtime Environment (17.0.1+12) (build 17.0.1+12-LTS-39)
# Java VM: Java HotSpot(TM) 64-Bit Server VM (17.0.1+12-LTS-39, mixed mode, sharing, tiered, compressed oops, compressed class ptrs, g1 gc, bsd-aarch64)
GC Precious Log:
 CPUs: 8 total, 8 available
 Memory: 8192M
 Large Page Support: Disabled
 NUMA Support: Disabled
 Compressed Oops: Enabled (Zero based)
 Heap Region Size: 1M
 Heap Min Capacity: 8M
 Heap Initial Capacity: 128M
 Heap Max Capacity: 2G
 Pre-touch: Disabled
 Parallel Workers: 8
 Concurrent Workers: 2
 Concurrent Refinement Workers: 8
 Periodic GC: Disabled
Heap:
 garbage-first heap   total 102400K, used 77828K [0x0000000780000000, 0x0000000800000000)
  region size 1024K, 38 young (38912K), 7 survivors (7168K)
 Metaspace       used 25129K, committed 25408K, reserved 1073152K
  class space    used 3417K, committed 3584K, reserved 1048576K
GC Heap History (6 events):
Event: 1.072 GC heap before
{Heap before GC invocations=0 (full 0):
 garbage-first heap   total 133120K, used 23520K [0x0000000780000000, 0x0000000800000000)
  region size 1024K, 23 young (23552K), 0 survivors (0K)
 Metaspace       used 7342K, committed 7488K, reserved 1056768K
  class space    used 939K, committed 1024K, reserved 1048576K
}
Event: 1.075 GC heap after
{Heap after GC invocations=1 (full 0):
 garbage-first heap   total 133120K, used 3959K [0x0000000780000000, 0x0000000800000000)
  region size 1024K, 3 young (3072K), 3 survivors (3072K)
 Metaspace       used 7342K, committed 7488K, reserved 1056768K
  class space    used 939K, committed 1024K, reserved 1048576K
}
Event: 4.041 GC heap before
{Heap before GC invocations=1 (full 0):
 garbage-first heap   total 133120K, used 58231K [0x0000000780000000, 0x0000000800000000)
  region size 1024K, 43 young (44032K), 3 survivors (3072K)
 Metaspace       used 18155K, committed 18368K, reserved 1064960K
  class space    used 2452K, committed 2560K, reserved 1048576K
}
Event: 4.046 GC heap after
{Heap after GC invocations=2 (full 0):
 garbage-first heap   total 133120K, used 23874K [0x0000000780000000, 0x0000000800000000)
  region size 1024K, 6 young (6144K), 6 survivors (6144K)
 Metaspace       used 18155K, committed 18368K, reserved 1064960K
  class space    used 2452K, committed 2560K, reserved 1048576K
}
Event: 4.257 GC heap before
{Heap before GC invocations=2 (full 0):
 garbage-first heap   total 133120K, used 41282K [0x0000000780000000, 0x0000000800000000)
  region size 1024K, 24 young (24576K), 6 survivors (6144K)
 Metaspace       used 21290K, committed 21504K, reserved 1073152K
  class space    used 3056K, committed 3200K, reserved 1048576K
}
Event: 4.260 GC heap after
{Heap after GC invocations=3 (full 0):
 garbage-first heap   total 133120K, used 27652K [0x0000000780000000, 0x0000000800000000)
  region size 1024K, 7 young (7168K), 7 survivors (7168K)
 Metaspace       used 21290K, committed 21504K, reserved 1073152K
  class space    used 3056K, committed 3200K, reserved 1048576K
}

