# JRE version: Java(TM) SE Runtime Environment (17.0.1+12) (build 17.0.1+12-LTS-39)
# Java VM: Java HotSpot(TM) 64-Bit Server VM (17.0.1+12-LTS-39, mixed mode, sharing, tiered, compressed oops, compressed class ptrs, g1 gc, bsd-aarch64)
GC Precious Log:
 CPUs: 8 total, 8 available
 Memory: 8192M
 Large Page Support: Disabled
 NUMA Support: Disabled
 Compressed Oops: Enabled (Zero based)
 Heap Region Size: 1M
 Heap Min Capacity: 8M
 Heap Initial Capacity: 128M
 Heap Max Capacity: 2G
 Pre-touch: Disabled
 Parallel Workers: 8
 Concurrent Workers: 2
 Concurrent Refinement Workers: 8
 Periodic GC: Disabled
Heap:
 garbage-first heap   total 106496K, used 33877K [0x0000000780000000, 0x0000000800000000)
  region size 1024K, 12 young (12288K), 6 survivors (6144K)
 Metaspace       used 22050K, committed 22336K, reserved 1073152K
  class space    used 3000K, committed 3136K, reserved 1048576K
GC Heap History (6 events):
Event: 0.408 GC heap before
{Heap before GC invocations=0 (full 0):
 garbage-first heap   total 133120K, used 23520K [0x0000000780000000, 0x0000000800000000)
  region size 1024K, 23 young (23552K), 0 survivors (0K)
 Metaspace       used 7450K, committed 7616K, reserved 1056768K
  class space    used 949K, committed 1024K, reserved 1048576K
}
Event: 0.412 GC heap after
{Heap after GC invocations=1 (full 0):
 garbage-first heap   total 133120K, used 4213K [0x0000000780000000, 0x0000000800000000)
  region size 1024K, 3 young (3072K), 3 survivors (3072K)
 Metaspace       used 7450K, committed 7616K, reserved 1056768K
  class space    used 949K, committed 1024K, reserved 1048576K
}
Event: 2.612 GC heap before
{Heap before GC invocations=1 (full 0):
 garbage-first heap   total 133120K, used 59509K [0x0000000780000000, 0x0000000800000000)
  region size 1024K, 44 young (45056K), 3 survivors (3072K)
 Metaspace       used 18384K, committed 18624K, reserved 1064960K
  class space    used 2496K, committed 2624K, reserved 1048576K
}
Event: 2.616 GC heap after
{Heap after GC invocations=2 (full 0):
 garbage-first heap   total 133120K, used 24229K [0x0000000780000000, 0x0000000800000000)
  region size 1024K, 6 young (6144K), 6 survivors (6144K)
 Metaspace       used 18384K, committed 18624K, reserved 1064960K
  class space    used 2496K, committed 2624K, reserved 1048576K
}
Event: 4.161 GC heap before
{Heap before GC invocations=2 (full 0):
 garbage-first heap   total 133120K, used 39589K [0x0000000780000000, 0x0000000800000000)
  region size 1024K, 20 young (20480K), 6 survivors (6144K)
 Metaspace       used 21288K, committed 21504K, reserved 1073152K
  class space    used 2929K, committed 3008K, reserved 1048576K
}
Event: 4.166 GC heap after
{Heap after GC invocations=3 (full 0):
 garbage-first heap   total 133120K, used 28757K [0x0000000780000000, 0x0000000800000000)
  region size 1024K, 6 young (6144K), 6 survivors (6144K)
 Metaspace       used 21288K, committed 21504K, reserved 1073152K
  class space    used 2929K, committed 3008K, reserved 1048576K
}

