# JRE version: Java(TM) SE Runtime Environment (17.0.1+12) (build 17.0.1+12-LTS-39)
# Java VM: Java HotSpot(TM) 64-Bit Server VM (17.0.1+12-LTS-39, mixed mode, sharing, tiered, compressed oops, compressed class ptrs, g1 gc, bsd-aarch64)
GC Precious Log:
 CPUs: 8 total, 8 available
 Memory: 8192M
 Large Page Support: Disabled
 NUMA Support: Disabled
 Compressed Oops: Enabled (Zero based)
 Heap Region Size: 1M
 Heap Min Capacity: 8M
 Heap Initial Capacity: 128M
 Heap Max Capacity: 2G
 Pre-touch: Disabled
 Parallel Workers: 8
 Concurrent Workers: 2
 Concurrent Refinement Workers: 8
 Periodic GC: Disabled
Heap:
 garbage-first heap   total 109568K, used 71639K [0x0000000780000000, 0x0000000800000000)
  region size 1024K, 12 young (12288K), 1 survivors (1024K)
 Metaspace       used 24665K, committed 25024K, reserved 1073152K
  class space    used 3332K, committed 3520K, reserved 1048576K
GC Heap History (12 events):
Event: 0.393 GC heap before
{Heap before GC invocations=0 (full 0):
 garbage-first heap   total 133120K, used 23520K [0x0000000780000000, 0x0000000800000000)
  region size 1024K, 23 young (23552K), 0 survivors (0K)
 Metaspace       used 7622K, committed 7808K, reserved 1056768K
  class space    used 985K, committed 1024K, reserved 1048576K
}
Event: 0.398 GC heap after
{Heap after GC invocations=1 (full 0):
 garbage-first heap   total 133120K, used 4085K [0x0000000780000000, 0x0000000800000000)
  region size 1024K, 3 young (3072K), 3 survivors (3072K)
 Metaspace       used 7622K, committed 7808K, reserved 1056768K
  class space    used 985K, committed 1024K, reserved 1048576K
}
Event: 2.944 GC heap before
{Heap before GC invocations=1 (full 0):
 garbage-first heap   total 133120K, used 58357K [0x0000000780000000, 0x0000000800000000)
  region size 1024K, 43 young (44032K), 3 survivors (3072K)
 Metaspace       used 18030K, committed 18240K, reserved 1064960K
  class space    used 2399K, committed 2496K, reserved 1048576K
}
Event: 2.950 GC heap after
{Heap after GC invocations=2 (full 0):
 garbage-first heap   total 133120K, used 24842K [0x0000000780000000, 0x0000000800000000)
  region size 1024K, 6 young (6144K), 6 survivors (6144K)
 Metaspace       used 18030K, committed 18240K, reserved 1064960K
  class space    used 2399K, committed 2496K, reserved 1048576K
}
Event: 3.140 GC heap before
{Heap before GC invocations=2 (full 0):
 garbage-first heap   total 133120K, used 42250K [0x0000000780000000, 0x0000000800000000)
  region size 1024K, 24 young (24576K), 6 survivors (6144K)
 Metaspace       used 21272K, committed 21504K, reserved 1073152K
  class space    used 3056K, committed 3200K, reserved 1048576K
}
Event: 3.143 GC heap after
{Heap after GC invocations=3 (full 0):
 garbage-first heap   total 133120K, used 28260K [0x0000000780000000, 0x0000000800000000)
  region size 1024K, 7 young (7168K), 7 survivors (7168K)
 Metaspace       used 21272K, committed 21504K, reserved 1073152K
  class space    used 3056K, committed 3200K, reserved 1048576K
}
Event: 75.311 GC heap before
{Heap before GC invocations=4 (full 0):
 garbage-first heap   total 102400K, used 84580K [0x0000000780000000, 0x0000000800000000)
  region size 1024K, 41 young (41984K), 7 survivors (7168K)
 Metaspace       used 24397K, committed 24704K, reserved 1073152K
  class space    used 3332K, committed 3520K, reserved 1048576K
}
Event: 75.329 GC heap after
{Heap after GC invocations=5 (full 0):
 garbage-first heap   total 102400K, used 55386K [0x0000000780000000, 0x0000000800000000)
  region size 1024K, 7 young (7168K), 7 survivors (7168K)
 Metaspace       used 24397K, committed 24704K, reserved 1073152K
  class space    used 3332K, committed 3520K, reserved 1048576K
}
Event: 75.412 GC heap before
{Heap before GC invocations=5 (full 0):
 garbage-first heap   total 102400K, used 60506K [0x0000000780000000, 0x0000000800000000)
  region size 1024K, 8 young (8192K), 7 survivors (7168K)
 Metaspace       used 24398K, committed 24704K, reserved 1073152K
  class space    used 3332K, committed 3520K, reserved 1048576K
}
Event: 75.423 GC heap after
{Heap after GC invocations=6 (full 0):
 garbage-first heap   total 102400K, used 59213K [0x0000000780000000, 0x0000000800000000)
  region size 1024K, 1 young (1024K), 1 survivors (1024K)
 Metaspace       used 24398K, committed 24704K, reserved 1073152K
  class space    used 3332K, committed 3520K, reserved 1048576K
}
Event: 75.562 GC heap before
{Heap before GC invocations=6 (full 0):
 garbage-first heap   total 102400K, used 59213K [0x0000000780000000, 0x0000000800000000)
  region size 1024K, 2 young (2048K), 1 survivors (1024K)
 Metaspace       used 24405K, committed 24704K, reserved 1073152K
  class space    used 3332K, committed 3520K, reserved 1048576K
}
Event: 75.564 GC heap after
{Heap after GC invocations=7 (full 0):
 garbage-first heap   total 102400K, used 58327K [0x0000000780000000, 0x0000000800000000)
  region size 1024K, 1 young (1024K), 1 survivors (1024K)
 Metaspace       used 24405K, committed 24704K, reserved 1073152K
  class space    used 3332K, committed 3520K, reserved 1048576K
}

